2022-10-28 15:00:20.687 [main] WARN  org.hibernate.orm.connections.pooling - HHH10001002: Using Hibernate built-in connection pool (not for production use!)
2022-10-28 15:00:25.051 [main] WARN  org.hibernate.tool.schema.internal.ExceptionHandlerLoggedImpl - GenerationTarget encountered exception accepting command : Error executing DDL "
    drop table Booking if exists" via JDBC Statement
org.hibernate.tool.schema.spi.CommandAcceptanceException: Error executing DDL "
    drop table Booking if exists" via JDBC Statement
	at org.hibernate.tool.schema.internal.exec.GenerationTargetToDatabase.accept(GenerationTargetToDatabase.java:67) ~[hibernate-core-5.3.6.Final.jar:?]
	at org.hibernate.tool.schema.internal.SchemaDropperImpl.applySqlString(SchemaDropperImpl.java:375) [hibernate-core-5.3.6.Final.jar:?]
	at org.hibernate.tool.schema.internal.SchemaDropperImpl.applySqlStrings(SchemaDropperImpl.java:359) [hibernate-core-5.3.6.Final.jar:?]
	at org.hibernate.tool.schema.internal.SchemaDropperImpl.dropFromMetadata(SchemaDropperImpl.java:241) [hibernate-core-5.3.6.Final.jar:?]
	at org.hibernate.tool.schema.internal.SchemaDropperImpl.performDrop(SchemaDropperImpl.java:154) [hibernate-core-5.3.6.Final.jar:?]
	at org.hibernate.tool.schema.internal.SchemaDropperImpl.doDrop(SchemaDropperImpl.java:126) [hibernate-core-5.3.6.Final.jar:?]
	at org.hibernate.tool.schema.internal.SchemaDropperImpl.doDrop(SchemaDropperImpl.java:112) [hibernate-core-5.3.6.Final.jar:?]
	at org.hibernate.tool.schema.spi.SchemaManagementToolCoordinator.performDatabaseAction(SchemaManagementToolCoordinator.java:144) [hibernate-core-5.3.6.Final.jar:?]
	at org.hibernate.tool.schema.spi.SchemaManagementToolCoordinator.process(SchemaManagementToolCoordinator.java:72) [hibernate-core-5.3.6.Final.jar:?]
	at org.hibernate.internal.SessionFactoryImpl.<init>(SessionFactoryImpl.java:310) [hibernate-core-5.3.6.Final.jar:?]
	at org.hibernate.boot.internal.SessionFactoryBuilderImpl.build(SessionFactoryBuilderImpl.java:467) [hibernate-core-5.3.6.Final.jar:?]
	at org.hibernate.jpa.boot.internal.EntityManagerFactoryBuilderImpl.build(EntityManagerFactoryBuilderImpl.java:939) [hibernate-core-5.3.6.Final.jar:?]
	at org.hibernate.jpa.HibernatePersistenceProvider.createEntityManagerFactory(HibernatePersistenceProvider.java:56) [hibernate-core-5.3.6.Final.jar:?]
	at javax.persistence.Persistence.createEntityManagerFactory(Persistence.java:79) [javax.persistence-api-2.2.jar:?]
	at javax.persistence.Persistence.createEntityManagerFactory(Persistence.java:54) [javax.persistence-api-2.2.jar:?]
	at fhv.ws22.se.skyward.persistence.DatabaseFacade.<init>(DatabaseFacade.java:29) [classes/:?]
	at fhv.ws22.se.skyward.persistence.DatabaseFacade.getInstance(DatabaseFacade.java:23) [classes/:?]
	at fhv.ws22.se.skyward.persistence.DataGenerator.generateData(DataGenerator.java:7) [classes/:?]
	at fhv.ws22.se.skyward.HelloApplication.main(HelloApplication.java:28) [classes/:?]
	at jdk.internal.reflect.NativeMethodAccessorImpl.invoke0(Native Method) ~[?:?]
	at jdk.internal.reflect.NativeMethodAccessorImpl.invoke(NativeMethodAccessorImpl.java:62) ~[?:?]
	at jdk.internal.reflect.DelegatingMethodAccessorImpl.invoke(DelegatingMethodAccessorImpl.java:43) ~[?:?]
	at java.lang.reflect.Method.invoke(Method.java:566) ~[?:?]
	at com.sun.javafx.application.LauncherImpl.launchApplicationWithArgs(LauncherImpl.java:465) [javafx-graphics-17.0.2-win.jar:?]
	at com.sun.javafx.application.LauncherImpl.launchApplication(LauncherImpl.java:364) [javafx-graphics-17.0.2-win.jar:?]
	at jdk.internal.reflect.NativeMethodAccessorImpl.invoke0(Native Method) ~[?:?]
	at jdk.internal.reflect.NativeMethodAccessorImpl.invoke(NativeMethodAccessorImpl.java:62) ~[?:?]
	at jdk.internal.reflect.DelegatingMethodAccessorImpl.invoke(DelegatingMethodAccessorImpl.java:43) ~[?:?]
	at java.lang.reflect.Method.invoke(Method.java:566) ~[?:?]
	at sun.launcher.LauncherHelper$FXHelper.main(LauncherHelper.java:1071) [?:?]
Caused by: org.h2.jdbc.JdbcSQLSyntaxErrorException: Kann "BOOKING" nicht löschen weil "FK6QRQ1QPQKH33XMU7Q5G0DT80E, FKEPDG3Q528TQ7Y7NM34CAUJIOB" davon abhängt
Cannot drop "BOOKING" because "FK6QRQ1QPQKH33XMU7Q5G0DT80E, FKEPDG3Q528TQ7Y7NM34CAUJIOB" depends on it; SQL statement:

    drop table Booking if  [90107-214]
	at org.h2.message.DbException.getJdbcSQLException(DbException.java:632) ~[h2-2.1.214.jar:2.1.214]
	at org.h2.message.DbException.getJdbcSQLException(DbException.java:477) ~[h2-2.1.214.jar:2.1.214]
	at org.h2.message.DbException.get(DbException.java:223) ~[h2-2.1.214.jar:2.1.214]
	at org.h2.command.ddl.DropTable.prepareDrop(DropTable.java:97) ~[h2-2.1.214.jar:2.1.214]
	at org.h2.command.ddl.DropTable.update(DropTable.java:121) ~[h2-2.1.214.jar:2.1.214]
	at org.h2.command.CommandContainer.update(CommandContainer.java:169) ~[h2-2.1.214.jar:2.1.214]
	at org.h2.command.Command.executeUpdate(Command.java:252) ~[h2-2.1.214.jar:2.1.214]
	at org.h2.jdbc.JdbcStatement.executeInternal(JdbcStatement.java:252) ~[h2-2.1.214.jar:2.1.214]
	at org.h2.jdbc.JdbcStatement.execute(JdbcStatement.java:223) ~[h2-2.1.214.jar:2.1.214]
	at org.hibernate.tool.schema.internal.exec.GenerationTargetToDatabase.accept(GenerationTargetToDatabase.java:54) ~[hibernate-core-5.3.6.Final.jar:?]
	... 29 more
2022-10-28 15:00:25.074 [main] WARN  org.hibernate.tool.schema.internal.ExceptionHandlerLoggedImpl - GenerationTarget encountered exception accepting command : Error executing DDL "
    create table Booking (
       id varchar(255) not null,
        checkInDateTime timestamp,
        checkOutDateTime timestamp,
        primary key (id)
    )" via JDBC Statement
org.hibernate.tool.schema.spi.CommandAcceptanceException: Error executing DDL "
    create table Booking (
       id varchar(255) not null,
        checkInDateTime timestamp,
        checkOutDateTime timestamp,
        primary key (id)
    )" via JDBC Statement
	at org.hibernate.tool.schema.internal.exec.GenerationTargetToDatabase.accept(GenerationTargetToDatabase.java:67) ~[hibernate-core-5.3.6.Final.jar:?]
	at org.hibernate.tool.schema.internal.SchemaCreatorImpl.applySqlString(SchemaCreatorImpl.java:440) [hibernate-core-5.3.6.Final.jar:?]
	at org.hibernate.tool.schema.internal.SchemaCreatorImpl.applySqlStrings(SchemaCreatorImpl.java:424) [hibernate-core-5.3.6.Final.jar:?]
	at org.hibernate.tool.schema.internal.SchemaCreatorImpl.createFromMetadata(SchemaCreatorImpl.java:315) [hibernate-core-5.3.6.Final.jar:?]
	at org.hibernate.tool.schema.internal.SchemaCreatorImpl.performCreation(SchemaCreatorImpl.java:166) [hibernate-core-5.3.6.Final.jar:?]
	at org.hibernate.tool.schema.internal.SchemaCreatorImpl.doCreation(SchemaCreatorImpl.java:135) [hibernate-core-5.3.6.Final.jar:?]
	at org.hibernate.tool.schema.internal.SchemaCreatorImpl.doCreation(SchemaCreatorImpl.java:121) [hibernate-core-5.3.6.Final.jar:?]
	at org.hibernate.tool.schema.spi.SchemaManagementToolCoordinator.performDatabaseAction(SchemaManagementToolCoordinator.java:155) [hibernate-core-5.3.6.Final.jar:?]
	at org.hibernate.tool.schema.spi.SchemaManagementToolCoordinator.process(SchemaManagementToolCoordinator.java:72) [hibernate-core-5.3.6.Final.jar:?]
	at org.hibernate.internal.SessionFactoryImpl.<init>(SessionFactoryImpl.java:310) [hibernate-core-5.3.6.Final.jar:?]
	at org.hibernate.boot.internal.SessionFactoryBuilderImpl.build(SessionFactoryBuilderImpl.java:467) [hibernate-core-5.3.6.Final.jar:?]
	at org.hibernate.jpa.boot.internal.EntityManagerFactoryBuilderImpl.build(EntityManagerFactoryBuilderImpl.java:939) [hibernate-core-5.3.6.Final.jar:?]
	at org.hibernate.jpa.HibernatePersistenceProvider.createEntityManagerFactory(HibernatePersistenceProvider.java:56) [hibernate-core-5.3.6.Final.jar:?]
	at javax.persistence.Persistence.createEntityManagerFactory(Persistence.java:79) [javax.persistence-api-2.2.jar:?]
	at javax.persistence.Persistence.createEntityManagerFactory(Persistence.java:54) [javax.persistence-api-2.2.jar:?]
	at fhv.ws22.se.skyward.persistence.DatabaseFacade.<init>(DatabaseFacade.java:29) [classes/:?]
	at fhv.ws22.se.skyward.persistence.DatabaseFacade.getInstance(DatabaseFacade.java:23) [classes/:?]
	at fhv.ws22.se.skyward.persistence.DataGenerator.generateData(DataGenerator.java:7) [classes/:?]
	at fhv.ws22.se.skyward.HelloApplication.main(HelloApplication.java:28) [classes/:?]
	at jdk.internal.reflect.NativeMethodAccessorImpl.invoke0(Native Method) ~[?:?]
	at jdk.internal.reflect.NativeMethodAccessorImpl.invoke(NativeMethodAccessorImpl.java:62) ~[?:?]
	at jdk.internal.reflect.DelegatingMethodAccessorImpl.invoke(DelegatingMethodAccessorImpl.java:43) ~[?:?]
	at java.lang.reflect.Method.invoke(Method.java:566) ~[?:?]
	at com.sun.javafx.application.LauncherImpl.launchApplicationWithArgs(LauncherImpl.java:465) [javafx-graphics-17.0.2-win.jar:?]
	at com.sun.javafx.application.LauncherImpl.launchApplication(LauncherImpl.java:364) [javafx-graphics-17.0.2-win.jar:?]
	at jdk.internal.reflect.NativeMethodAccessorImpl.invoke0(Native Method) ~[?:?]
	at jdk.internal.reflect.NativeMethodAccessorImpl.invoke(NativeMethodAccessorImpl.java:62) ~[?:?]
	at jdk.internal.reflect.DelegatingMethodAccessorImpl.invoke(DelegatingMethodAccessorImpl.java:43) ~[?:?]
	at java.lang.reflect.Method.invoke(Method.java:566) ~[?:?]
	at sun.launcher.LauncherHelper$FXHelper.main(LauncherHelper.java:1071) [?:?]
Caused by: org.h2.jdbc.JdbcSQLSyntaxErrorException: Tabelle "BOOKING" besteht bereits
Table "BOOKING" already exists; SQL statement:

    create table Booking (
       id varchar(255) not null,
        checkInDateTime timestamp,
        checkOutDateTime timestamp,
        primary key (id) [42101-214]
	at org.h2.message.DbException.getJdbcSQLException(DbException.java:502) ~[h2-2.1.214.jar:2.1.214]
	at org.h2.message.DbException.getJdbcSQLException(DbException.java:477) ~[h2-2.1.214.jar:2.1.214]
	at org.h2.message.DbException.get(DbException.java:223) ~[h2-2.1.214.jar:2.1.214]
	at org.h2.message.DbException.get(DbException.java:199) ~[h2-2.1.214.jar:2.1.214]
	at org.h2.command.ddl.CreateTable.update(CreateTable.java:91) ~[h2-2.1.214.jar:2.1.214]
	at org.h2.command.CommandContainer.update(CommandContainer.java:169) ~[h2-2.1.214.jar:2.1.214]
	at org.h2.command.Command.executeUpdate(Command.java:252) ~[h2-2.1.214.jar:2.1.214]
	at org.h2.jdbc.JdbcStatement.executeInternal(JdbcStatement.java:252) ~[h2-2.1.214.jar:2.1.214]
	at org.h2.jdbc.JdbcStatement.execute(JdbcStatement.java:223) ~[h2-2.1.214.jar:2.1.214]
	at org.hibernate.tool.schema.internal.exec.GenerationTargetToDatabase.accept(GenerationTargetToDatabase.java:54) ~[hibernate-core-5.3.6.Final.jar:?]
	... 29 more
2022-10-28 15:00:25.221 [main] WARN  fhv.ws22.se.skyward.HelloApplication - We've just greeted the user!
2022-10-28 15:00:25.222 [main] ERROR fhv.ws22.se.skyward.HelloApplication - We've just greeted the user!
2022-10-28 15:00:25.222 [main] FATAL fhv.ws22.se.skyward.HelloApplication - We've just greeted the user!
2022-10-28 15:01:02.023 [main] WARN  org.hibernate.orm.connections.pooling - HHH10001002: Using Hibernate built-in connection pool (not for production use!)
2022-10-28 15:01:02.313 [main] WARN  org.hibernate.tool.schema.internal.ExceptionHandlerLoggedImpl - GenerationTarget encountered exception accepting command : Error executing DDL "
    drop table Booking if exists" via JDBC Statement
org.hibernate.tool.schema.spi.CommandAcceptanceException: Error executing DDL "
    drop table Booking if exists" via JDBC Statement
	at org.hibernate.tool.schema.internal.exec.GenerationTargetToDatabase.accept(GenerationTargetToDatabase.java:67) ~[hibernate-core-5.3.6.Final.jar:?]
	at org.hibernate.tool.schema.internal.SchemaDropperImpl.applySqlString(SchemaDropperImpl.java:375) [hibernate-core-5.3.6.Final.jar:?]
	at org.hibernate.tool.schema.internal.SchemaDropperImpl.applySqlStrings(SchemaDropperImpl.java:359) [hibernate-core-5.3.6.Final.jar:?]
	at org.hibernate.tool.schema.internal.SchemaDropperImpl.dropFromMetadata(SchemaDropperImpl.java:241) [hibernate-core-5.3.6.Final.jar:?]
	at org.hibernate.tool.schema.internal.SchemaDropperImpl.performDrop(SchemaDropperImpl.java:154) [hibernate-core-5.3.6.Final.jar:?]
	at org.hibernate.tool.schema.internal.SchemaDropperImpl.doDrop(SchemaDropperImpl.java:126) [hibernate-core-5.3.6.Final.jar:?]
	at org.hibernate.tool.schema.internal.SchemaDropperImpl.doDrop(SchemaDropperImpl.java:112) [hibernate-core-5.3.6.Final.jar:?]
	at org.hibernate.tool.schema.spi.SchemaManagementToolCoordinator.performDatabaseAction(SchemaManagementToolCoordinator.java:144) [hibernate-core-5.3.6.Final.jar:?]
	at org.hibernate.tool.schema.spi.SchemaManagementToolCoordinator.process(SchemaManagementToolCoordinator.java:72) [hibernate-core-5.3.6.Final.jar:?]
	at org.hibernate.internal.SessionFactoryImpl.<init>(SessionFactoryImpl.java:310) [hibernate-core-5.3.6.Final.jar:?]
	at org.hibernate.boot.internal.SessionFactoryBuilderImpl.build(SessionFactoryBuilderImpl.java:467) [hibernate-core-5.3.6.Final.jar:?]
	at org.hibernate.jpa.boot.internal.EntityManagerFactoryBuilderImpl.build(EntityManagerFactoryBuilderImpl.java:939) [hibernate-core-5.3.6.Final.jar:?]
	at org.hibernate.jpa.HibernatePersistenceProvider.createEntityManagerFactory(HibernatePersistenceProvider.java:56) [hibernate-core-5.3.6.Final.jar:?]
	at javax.persistence.Persistence.createEntityManagerFactory(Persistence.java:79) [javax.persistence-api-2.2.jar:?]
	at javax.persistence.Persistence.createEntityManagerFactory(Persistence.java:54) [javax.persistence-api-2.2.jar:?]
	at fhv.ws22.se.skyward.persistence.DatabaseFacade.<init>(DatabaseFacade.java:29) [classes/:?]
	at fhv.ws22.se.skyward.persistence.DatabaseFacade.getInstance(DatabaseFacade.java:23) [classes/:?]
	at fhv.ws22.se.skyward.persistence.DataGenerator.generateData(DataGenerator.java:7) [classes/:?]
	at fhv.ws22.se.skyward.HelloApplication.main(HelloApplication.java:28) [classes/:?]
	at jdk.internal.reflect.NativeMethodAccessorImpl.invoke0(Native Method) ~[?:?]
	at jdk.internal.reflect.NativeMethodAccessorImpl.invoke(NativeMethodAccessorImpl.java:62) ~[?:?]
	at jdk.internal.reflect.DelegatingMethodAccessorImpl.invoke(DelegatingMethodAccessorImpl.java:43) ~[?:?]
	at java.lang.reflect.Method.invoke(Method.java:566) ~[?:?]
	at com.sun.javafx.application.LauncherImpl.launchApplicationWithArgs(LauncherImpl.java:465) [javafx-graphics-17.0.2-win.jar:?]
	at com.sun.javafx.application.LauncherImpl.launchApplication(LauncherImpl.java:364) [javafx-graphics-17.0.2-win.jar:?]
	at jdk.internal.reflect.NativeMethodAccessorImpl.invoke0(Native Method) ~[?:?]
	at jdk.internal.reflect.NativeMethodAccessorImpl.invoke(NativeMethodAccessorImpl.java:62) ~[?:?]
	at jdk.internal.reflect.DelegatingMethodAccessorImpl.invoke(DelegatingMethodAccessorImpl.java:43) ~[?:?]
	at java.lang.reflect.Method.invoke(Method.java:566) ~[?:?]
	at sun.launcher.LauncherHelper$FXHelper.main(LauncherHelper.java:1071) [?:?]
Caused by: org.h2.jdbc.JdbcSQLSyntaxErrorException: Kann "BOOKING" nicht löschen weil "FK6QRQ1QPQKH33XMU7Q5G0DT80E, FKEPDG3Q528TQ7Y7NM34CAUJIOB" davon abhängt
Cannot drop "BOOKING" because "FK6QRQ1QPQKH33XMU7Q5G0DT80E, FKEPDG3Q528TQ7Y7NM34CAUJIOB" depends on it; SQL statement:

    drop table Booking if  [90107-214]
	at org.h2.message.DbException.getJdbcSQLException(DbException.java:632) ~[h2-2.1.214.jar:2.1.214]
	at org.h2.message.DbException.getJdbcSQLException(DbException.java:477) ~[h2-2.1.214.jar:2.1.214]
	at org.h2.message.DbException.get(DbException.java:223) ~[h2-2.1.214.jar:2.1.214]
	at org.h2.command.ddl.DropTable.prepareDrop(DropTable.java:97) ~[h2-2.1.214.jar:2.1.214]
	at org.h2.command.ddl.DropTable.update(DropTable.java:121) ~[h2-2.1.214.jar:2.1.214]
	at org.h2.command.CommandContainer.update(CommandContainer.java:169) ~[h2-2.1.214.jar:2.1.214]
	at org.h2.command.Command.executeUpdate(Command.java:252) ~[h2-2.1.214.jar:2.1.214]
	at org.h2.jdbc.JdbcStatement.executeInternal(JdbcStatement.java:252) ~[h2-2.1.214.jar:2.1.214]
	at org.h2.jdbc.JdbcStatement.execute(JdbcStatement.java:223) ~[h2-2.1.214.jar:2.1.214]
	at org.hibernate.tool.schema.internal.exec.GenerationTargetToDatabase.accept(GenerationTargetToDatabase.java:54) ~[hibernate-core-5.3.6.Final.jar:?]
	... 29 more
2022-10-28 15:01:02.330 [main] WARN  org.hibernate.tool.schema.internal.ExceptionHandlerLoggedImpl - GenerationTarget encountered exception accepting command : Error executing DDL "
    create table Booking (
       id varchar(255) not null,
        checkInDateTime timestamp,
        checkOutDateTime timestamp,
        primary key (id)
    )" via JDBC Statement
org.hibernate.tool.schema.spi.CommandAcceptanceException: Error executing DDL "
    create table Booking (
       id varchar(255) not null,
        checkInDateTime timestamp,
        checkOutDateTime timestamp,
        primary key (id)
    )" via JDBC Statement
	at org.hibernate.tool.schema.internal.exec.GenerationTargetToDatabase.accept(GenerationTargetToDatabase.java:67) ~[hibernate-core-5.3.6.Final.jar:?]
	at org.hibernate.tool.schema.internal.SchemaCreatorImpl.applySqlString(SchemaCreatorImpl.java:440) [hibernate-core-5.3.6.Final.jar:?]
	at org.hibernate.tool.schema.internal.SchemaCreatorImpl.applySqlStrings(SchemaCreatorImpl.java:424) [hibernate-core-5.3.6.Final.jar:?]
	at org.hibernate.tool.schema.internal.SchemaCreatorImpl.createFromMetadata(SchemaCreatorImpl.java:315) [hibernate-core-5.3.6.Final.jar:?]
	at org.hibernate.tool.schema.internal.SchemaCreatorImpl.performCreation(SchemaCreatorImpl.java:166) [hibernate-core-5.3.6.Final.jar:?]
	at org.hibernate.tool.schema.internal.SchemaCreatorImpl.doCreation(SchemaCreatorImpl.java:135) [hibernate-core-5.3.6.Final.jar:?]
	at org.hibernate.tool.schema.internal.SchemaCreatorImpl.doCreation(SchemaCreatorImpl.java:121) [hibernate-core-5.3.6.Final.jar:?]
	at org.hibernate.tool.schema.spi.SchemaManagementToolCoordinator.performDatabaseAction(SchemaManagementToolCoordinator.java:155) [hibernate-core-5.3.6.Final.jar:?]
	at org.hibernate.tool.schema.spi.SchemaManagementToolCoordinator.process(SchemaManagementToolCoordinator.java:72) [hibernate-core-5.3.6.Final.jar:?]
	at org.hibernate.internal.SessionFactoryImpl.<init>(SessionFactoryImpl.java:310) [hibernate-core-5.3.6.Final.jar:?]
	at org.hibernate.boot.internal.SessionFactoryBuilderImpl.build(SessionFactoryBuilderImpl.java:467) [hibernate-core-5.3.6.Final.jar:?]
	at org.hibernate.jpa.boot.internal.EntityManagerFactoryBuilderImpl.build(EntityManagerFactoryBuilderImpl.java:939) [hibernate-core-5.3.6.Final.jar:?]
	at org.hibernate.jpa.HibernatePersistenceProvider.createEntityManagerFactory(HibernatePersistenceProvider.java:56) [hibernate-core-5.3.6.Final.jar:?]
	at javax.persistence.Persistence.createEntityManagerFactory(Persistence.java:79) [javax.persistence-api-2.2.jar:?]
	at javax.persistence.Persistence.createEntityManagerFactory(Persistence.java:54) [javax.persistence-api-2.2.jar:?]
	at fhv.ws22.se.skyward.persistence.DatabaseFacade.<init>(DatabaseFacade.java:29) [classes/:?]
	at fhv.ws22.se.skyward.persistence.DatabaseFacade.getInstance(DatabaseFacade.java:23) [classes/:?]
	at fhv.ws22.se.skyward.persistence.DataGenerator.generateData(DataGenerator.java:7) [classes/:?]
	at fhv.ws22.se.skyward.HelloApplication.main(HelloApplication.java:28) [classes/:?]
	at jdk.internal.reflect.NativeMethodAccessorImpl.invoke0(Native Method) ~[?:?]
	at jdk.internal.reflect.NativeMethodAccessorImpl.invoke(NativeMethodAccessorImpl.java:62) ~[?:?]
	at jdk.internal.reflect.DelegatingMethodAccessorImpl.invoke(DelegatingMethodAccessorImpl.java:43) ~[?:?]
	at java.lang.reflect.Method.invoke(Method.java:566) ~[?:?]
	at com.sun.javafx.application.LauncherImpl.launchApplicationWithArgs(LauncherImpl.java:465) [javafx-graphics-17.0.2-win.jar:?]
	at com.sun.javafx.application.LauncherImpl.launchApplication(LauncherImpl.java:364) [javafx-graphics-17.0.2-win.jar:?]
	at jdk.internal.reflect.NativeMethodAccessorImpl.invoke0(Native Method) ~[?:?]
	at jdk.internal.reflect.NativeMethodAccessorImpl.invoke(NativeMethodAccessorImpl.java:62) ~[?:?]
	at jdk.internal.reflect.DelegatingMethodAccessorImpl.invoke(DelegatingMethodAccessorImpl.java:43) ~[?:?]
	at java.lang.reflect.Method.invoke(Method.java:566) ~[?:?]
	at sun.launcher.LauncherHelper$FXHelper.main(LauncherHelper.java:1071) [?:?]
Caused by: org.h2.jdbc.JdbcSQLSyntaxErrorException: Tabelle "BOOKING" besteht bereits
Table "BOOKING" already exists; SQL statement:

    create table Booking (
       id varchar(255) not null,
        checkInDateTime timestamp,
        checkOutDateTime timestamp,
        primary key (id) [42101-214]
	at org.h2.message.DbException.getJdbcSQLException(DbException.java:502) ~[h2-2.1.214.jar:2.1.214]
	at org.h2.message.DbException.getJdbcSQLException(DbException.java:477) ~[h2-2.1.214.jar:2.1.214]
	at org.h2.message.DbException.get(DbException.java:223) ~[h2-2.1.214.jar:2.1.214]
	at org.h2.message.DbException.get(DbException.java:199) ~[h2-2.1.214.jar:2.1.214]
	at org.h2.command.ddl.CreateTable.update(CreateTable.java:91) ~[h2-2.1.214.jar:2.1.214]
	at org.h2.command.CommandContainer.update(CommandContainer.java:169) ~[h2-2.1.214.jar:2.1.214]
	at org.h2.command.Command.executeUpdate(Command.java:252) ~[h2-2.1.214.jar:2.1.214]
	at org.h2.jdbc.JdbcStatement.executeInternal(JdbcStatement.java:252) ~[h2-2.1.214.jar:2.1.214]
	at org.h2.jdbc.JdbcStatement.execute(JdbcStatement.java:223) ~[h2-2.1.214.jar:2.1.214]
	at org.hibernate.tool.schema.internal.exec.GenerationTargetToDatabase.accept(GenerationTargetToDatabase.java:54) ~[hibernate-core-5.3.6.Final.jar:?]
	... 29 more
2022-10-28 15:01:02.435 [main] WARN  fhv.ws22.se.skyward.HelloApplication - We've just greeted the user!
2022-10-28 15:01:02.436 [main] ERROR fhv.ws22.se.skyward.HelloApplication - We've just greeted the user!
2022-10-28 15:01:02.436 [main] FATAL fhv.ws22.se.skyward.HelloApplication - We've just greeted the user!
2022-10-28 15:02:01.259 [main] WARN  org.hibernate.orm.connections.pooling - HHH10001002: Using Hibernate built-in connection pool (not for production use!)
2022-10-28 15:02:01.711 [main] WARN  fhv.ws22.se.skyward.HelloApplication - We've just greeted the user!
2022-10-28 15:02:01.711 [main] ERROR fhv.ws22.se.skyward.HelloApplication - We've just greeted the user!
2022-10-28 15:02:01.711 [main] FATAL fhv.ws22.se.skyward.HelloApplication - We've just greeted the user!
2022-10-28 15:13:57.168 [main] WARN  org.hibernate.orm.connections.pooling - HHH10001002: Using Hibernate built-in connection pool (not for production use!)
2022-10-28 15:13:57.490 [main] WARN  org.hibernate.tool.schema.internal.ExceptionHandlerLoggedImpl - GenerationTarget encountered exception accepting command : Error executing DDL "
    drop table Booking if exists" via JDBC Statement
org.hibernate.tool.schema.spi.CommandAcceptanceException: Error executing DDL "
    drop table Booking if exists" via JDBC Statement
	at org.hibernate.tool.schema.internal.exec.GenerationTargetToDatabase.accept(GenerationTargetToDatabase.java:67) ~[hibernate-core-5.3.6.Final.jar:?]
	at org.hibernate.tool.schema.internal.SchemaDropperImpl.applySqlString(SchemaDropperImpl.java:375) [hibernate-core-5.3.6.Final.jar:?]
	at org.hibernate.tool.schema.internal.SchemaDropperImpl.applySqlStrings(SchemaDropperImpl.java:359) [hibernate-core-5.3.6.Final.jar:?]
	at org.hibernate.tool.schema.internal.SchemaDropperImpl.dropFromMetadata(SchemaDropperImpl.java:241) [hibernate-core-5.3.6.Final.jar:?]
	at org.hibernate.tool.schema.internal.SchemaDropperImpl.performDrop(SchemaDropperImpl.java:154) [hibernate-core-5.3.6.Final.jar:?]
	at org.hibernate.tool.schema.internal.SchemaDropperImpl.doDrop(SchemaDropperImpl.java:126) [hibernate-core-5.3.6.Final.jar:?]
	at org.hibernate.tool.schema.internal.SchemaDropperImpl.doDrop(SchemaDropperImpl.java:112) [hibernate-core-5.3.6.Final.jar:?]
	at org.hibernate.tool.schema.spi.SchemaManagementToolCoordinator.performDatabaseAction(SchemaManagementToolCoordinator.java:144) [hibernate-core-5.3.6.Final.jar:?]
	at org.hibernate.tool.schema.spi.SchemaManagementToolCoordinator.process(SchemaManagementToolCoordinator.java:72) [hibernate-core-5.3.6.Final.jar:?]
	at org.hibernate.internal.SessionFactoryImpl.<init>(SessionFactoryImpl.java:310) [hibernate-core-5.3.6.Final.jar:?]
	at org.hibernate.boot.internal.SessionFactoryBuilderImpl.build(SessionFactoryBuilderImpl.java:467) [hibernate-core-5.3.6.Final.jar:?]
	at org.hibernate.jpa.boot.internal.EntityManagerFactoryBuilderImpl.build(EntityManagerFactoryBuilderImpl.java:939) [hibernate-core-5.3.6.Final.jar:?]
	at org.hibernate.jpa.HibernatePersistenceProvider.createEntityManagerFactory(HibernatePersistenceProvider.java:56) [hibernate-core-5.3.6.Final.jar:?]
	at javax.persistence.Persistence.createEntityManagerFactory(Persistence.java:79) [javax.persistence-api-2.2.jar:?]
	at javax.persistence.Persistence.createEntityManagerFactory(Persistence.java:54) [javax.persistence-api-2.2.jar:?]
	at fhv.ws22.se.skyward.persistence.DatabaseFacade.<init>(DatabaseFacade.java:29) [classes/:?]
	at fhv.ws22.se.skyward.persistence.DatabaseFacade.getInstance(DatabaseFacade.java:23) [classes/:?]
	at fhv.ws22.se.skyward.persistence.DataGenerator.generateData(DataGenerator.java:14) [classes/:?]
	at fhv.ws22.se.skyward.HelloApplication.main(HelloApplication.java:28) [classes/:?]
	at jdk.internal.reflect.NativeMethodAccessorImpl.invoke0(Native Method) ~[?:?]
	at jdk.internal.reflect.NativeMethodAccessorImpl.invoke(NativeMethodAccessorImpl.java:62) ~[?:?]
	at jdk.internal.reflect.DelegatingMethodAccessorImpl.invoke(DelegatingMethodAccessorImpl.java:43) ~[?:?]
	at java.lang.reflect.Method.invoke(Method.java:566) ~[?:?]
	at com.sun.javafx.application.LauncherImpl.launchApplicationWithArgs(LauncherImpl.java:465) [javafx-graphics-17.0.2-win.jar:?]
	at com.sun.javafx.application.LauncherImpl.launchApplication(LauncherImpl.java:364) [javafx-graphics-17.0.2-win.jar:?]
	at jdk.internal.reflect.NativeMethodAccessorImpl.invoke0(Native Method) ~[?:?]
	at jdk.internal.reflect.NativeMethodAccessorImpl.invoke(NativeMethodAccessorImpl.java:62) ~[?:?]
	at jdk.internal.reflect.DelegatingMethodAccessorImpl.invoke(DelegatingMethodAccessorImpl.java:43) ~[?:?]
	at java.lang.reflect.Method.invoke(Method.java:566) ~[?:?]
	at sun.launcher.LauncherHelper$FXHelper.main(LauncherHelper.java:1071) [?:?]
Caused by: org.h2.jdbc.JdbcSQLSyntaxErrorException: Kann "BOOKING" nicht löschen weil "FK6QRQ1QPQKH33XMU7Q5G0DT80E, FKEPDG3Q528TQ7Y7NM34CAUJIOB" davon abhängt
Cannot drop "BOOKING" because "FK6QRQ1QPQKH33XMU7Q5G0DT80E, FKEPDG3Q528TQ7Y7NM34CAUJIOB" depends on it; SQL statement:

    drop table Booking if  [90107-214]
	at org.h2.message.DbException.getJdbcSQLException(DbException.java:632) ~[h2-2.1.214.jar:2.1.214]
	at org.h2.message.DbException.getJdbcSQLException(DbException.java:477) ~[h2-2.1.214.jar:2.1.214]
	at org.h2.message.DbException.get(DbException.java:223) ~[h2-2.1.214.jar:2.1.214]
	at org.h2.command.ddl.DropTable.prepareDrop(DropTable.java:97) ~[h2-2.1.214.jar:2.1.214]
	at org.h2.command.ddl.DropTable.update(DropTable.java:121) ~[h2-2.1.214.jar:2.1.214]
	at org.h2.command.CommandContainer.update(CommandContainer.java:169) ~[h2-2.1.214.jar:2.1.214]
	at org.h2.command.Command.executeUpdate(Command.java:252) ~[h2-2.1.214.jar:2.1.214]
	at org.h2.jdbc.JdbcStatement.executeInternal(JdbcStatement.java:252) ~[h2-2.1.214.jar:2.1.214]
	at org.h2.jdbc.JdbcStatement.execute(JdbcStatement.java:223) ~[h2-2.1.214.jar:2.1.214]
	at org.hibernate.tool.schema.internal.exec.GenerationTargetToDatabase.accept(GenerationTargetToDatabase.java:54) ~[hibernate-core-5.3.6.Final.jar:?]
	... 29 more
2022-10-28 15:13:57.509 [main] WARN  org.hibernate.tool.schema.internal.ExceptionHandlerLoggedImpl - GenerationTarget encountered exception accepting command : Error executing DDL "
    create table Booking (
       id varchar(255) not null,
        checkInDateTime timestamp,
        checkOutDateTime timestamp,
        primary key (id)
    )" via JDBC Statement
org.hibernate.tool.schema.spi.CommandAcceptanceException: Error executing DDL "
    create table Booking (
       id varchar(255) not null,
        checkInDateTime timestamp,
        checkOutDateTime timestamp,
        primary key (id)
    )" via JDBC Statement
	at org.hibernate.tool.schema.internal.exec.GenerationTargetToDatabase.accept(GenerationTargetToDatabase.java:67) ~[hibernate-core-5.3.6.Final.jar:?]
	at org.hibernate.tool.schema.internal.SchemaCreatorImpl.applySqlString(SchemaCreatorImpl.java:440) [hibernate-core-5.3.6.Final.jar:?]
	at org.hibernate.tool.schema.internal.SchemaCreatorImpl.applySqlStrings(SchemaCreatorImpl.java:424) [hibernate-core-5.3.6.Final.jar:?]
	at org.hibernate.tool.schema.internal.SchemaCreatorImpl.createFromMetadata(SchemaCreatorImpl.java:315) [hibernate-core-5.3.6.Final.jar:?]
	at org.hibernate.tool.schema.internal.SchemaCreatorImpl.performCreation(SchemaCreatorImpl.java:166) [hibernate-core-5.3.6.Final.jar:?]
	at org.hibernate.tool.schema.internal.SchemaCreatorImpl.doCreation(SchemaCreatorImpl.java:135) [hibernate-core-5.3.6.Final.jar:?]
	at org.hibernate.tool.schema.internal.SchemaCreatorImpl.doCreation(SchemaCreatorImpl.java:121) [hibernate-core-5.3.6.Final.jar:?]
	at org.hibernate.tool.schema.spi.SchemaManagementToolCoordinator.performDatabaseAction(SchemaManagementToolCoordinator.java:155) [hibernate-core-5.3.6.Final.jar:?]
	at org.hibernate.tool.schema.spi.SchemaManagementToolCoordinator.process(SchemaManagementToolCoordinator.java:72) [hibernate-core-5.3.6.Final.jar:?]
	at org.hibernate.internal.SessionFactoryImpl.<init>(SessionFactoryImpl.java:310) [hibernate-core-5.3.6.Final.jar:?]
	at org.hibernate.boot.internal.SessionFactoryBuilderImpl.build(SessionFactoryBuilderImpl.java:467) [hibernate-core-5.3.6.Final.jar:?]
	at org.hibernate.jpa.boot.internal.EntityManagerFactoryBuilderImpl.build(EntityManagerFactoryBuilderImpl.java:939) [hibernate-core-5.3.6.Final.jar:?]
	at org.hibernate.jpa.HibernatePersistenceProvider.createEntityManagerFactory(HibernatePersistenceProvider.java:56) [hibernate-core-5.3.6.Final.jar:?]
	at javax.persistence.Persistence.createEntityManagerFactory(Persistence.java:79) [javax.persistence-api-2.2.jar:?]
	at javax.persistence.Persistence.createEntityManagerFactory(Persistence.java:54) [javax.persistence-api-2.2.jar:?]
	at fhv.ws22.se.skyward.persistence.DatabaseFacade.<init>(DatabaseFacade.java:29) [classes/:?]
	at fhv.ws22.se.skyward.persistence.DatabaseFacade.getInstance(DatabaseFacade.java:23) [classes/:?]
	at fhv.ws22.se.skyward.persistence.DataGenerator.generateData(DataGenerator.java:14) [classes/:?]
	at fhv.ws22.se.skyward.HelloApplication.main(HelloApplication.java:28) [classes/:?]
	at jdk.internal.reflect.NativeMethodAccessorImpl.invoke0(Native Method) ~[?:?]
	at jdk.internal.reflect.NativeMethodAccessorImpl.invoke(NativeMethodAccessorImpl.java:62) ~[?:?]
	at jdk.internal.reflect.DelegatingMethodAccessorImpl.invoke(DelegatingMethodAccessorImpl.java:43) ~[?:?]
	at java.lang.reflect.Method.invoke(Method.java:566) ~[?:?]
	at com.sun.javafx.application.LauncherImpl.launchApplicationWithArgs(LauncherImpl.java:465) [javafx-graphics-17.0.2-win.jar:?]
	at com.sun.javafx.application.LauncherImpl.launchApplication(LauncherImpl.java:364) [javafx-graphics-17.0.2-win.jar:?]
	at jdk.internal.reflect.NativeMethodAccessorImpl.invoke0(Native Method) ~[?:?]
	at jdk.internal.reflect.NativeMethodAccessorImpl.invoke(NativeMethodAccessorImpl.java:62) ~[?:?]
	at jdk.internal.reflect.DelegatingMethodAccessorImpl.invoke(DelegatingMethodAccessorImpl.java:43) ~[?:?]
	at java.lang.reflect.Method.invoke(Method.java:566) ~[?:?]
	at sun.launcher.LauncherHelper$FXHelper.main(LauncherHelper.java:1071) [?:?]
Caused by: org.h2.jdbc.JdbcSQLSyntaxErrorException: Tabelle "BOOKING" besteht bereits
Table "BOOKING" already exists; SQL statement:

    create table Booking (
       id varchar(255) not null,
        checkInDateTime timestamp,
        checkOutDateTime timestamp,
        primary key (id) [42101-214]
	at org.h2.message.DbException.getJdbcSQLException(DbException.java:502) ~[h2-2.1.214.jar:2.1.214]
	at org.h2.message.DbException.getJdbcSQLException(DbException.java:477) ~[h2-2.1.214.jar:2.1.214]
	at org.h2.message.DbException.get(DbException.java:223) ~[h2-2.1.214.jar:2.1.214]
	at org.h2.message.DbException.get(DbException.java:199) ~[h2-2.1.214.jar:2.1.214]
	at org.h2.command.ddl.CreateTable.update(CreateTable.java:91) ~[h2-2.1.214.jar:2.1.214]
	at org.h2.command.CommandContainer.update(CommandContainer.java:169) ~[h2-2.1.214.jar:2.1.214]
	at org.h2.command.Command.executeUpdate(Command.java:252) ~[h2-2.1.214.jar:2.1.214]
	at org.h2.jdbc.JdbcStatement.executeInternal(JdbcStatement.java:252) ~[h2-2.1.214.jar:2.1.214]
	at org.h2.jdbc.JdbcStatement.execute(JdbcStatement.java:223) ~[h2-2.1.214.jar:2.1.214]
	at org.hibernate.tool.schema.internal.exec.GenerationTargetToDatabase.accept(GenerationTargetToDatabase.java:54) ~[hibernate-core-5.3.6.Final.jar:?]
	... 29 more
2022-10-28 15:13:57.627 [main] WARN  fhv.ws22.se.skyward.HelloApplication - We've just greeted the user!
2022-10-28 15:13:57.627 [main] ERROR fhv.ws22.se.skyward.HelloApplication - We've just greeted the user!
2022-10-28 15:13:57.627 [main] FATAL fhv.ws22.se.skyward.HelloApplication - We've just greeted the user!
2022-10-28 15:39:26.456 [main] WARN  org.hibernate.orm.connections.pooling - HHH10001002: Using Hibernate built-in connection pool (not for production use!)
2022-10-28 15:39:26.782 [main] WARN  org.hibernate.tool.schema.internal.ExceptionHandlerLoggedImpl - GenerationTarget encountered exception accepting command : Error executing DDL "
    drop table Booking if exists" via JDBC Statement
org.hibernate.tool.schema.spi.CommandAcceptanceException: Error executing DDL "
    drop table Booking if exists" via JDBC Statement
	at org.hibernate.tool.schema.internal.exec.GenerationTargetToDatabase.accept(GenerationTargetToDatabase.java:67) ~[hibernate-core-5.3.6.Final.jar:?]
	at org.hibernate.tool.schema.internal.SchemaDropperImpl.applySqlString(SchemaDropperImpl.java:375) [hibernate-core-5.3.6.Final.jar:?]
	at org.hibernate.tool.schema.internal.SchemaDropperImpl.applySqlStrings(SchemaDropperImpl.java:359) [hibernate-core-5.3.6.Final.jar:?]
	at org.hibernate.tool.schema.internal.SchemaDropperImpl.dropFromMetadata(SchemaDropperImpl.java:241) [hibernate-core-5.3.6.Final.jar:?]
	at org.hibernate.tool.schema.internal.SchemaDropperImpl.performDrop(SchemaDropperImpl.java:154) [hibernate-core-5.3.6.Final.jar:?]
	at org.hibernate.tool.schema.internal.SchemaDropperImpl.doDrop(SchemaDropperImpl.java:126) [hibernate-core-5.3.6.Final.jar:?]
	at org.hibernate.tool.schema.internal.SchemaDropperImpl.doDrop(SchemaDropperImpl.java:112) [hibernate-core-5.3.6.Final.jar:?]
	at org.hibernate.tool.schema.spi.SchemaManagementToolCoordinator.performDatabaseAction(SchemaManagementToolCoordinator.java:144) [hibernate-core-5.3.6.Final.jar:?]
	at org.hibernate.tool.schema.spi.SchemaManagementToolCoordinator.process(SchemaManagementToolCoordinator.java:72) [hibernate-core-5.3.6.Final.jar:?]
	at org.hibernate.internal.SessionFactoryImpl.<init>(SessionFactoryImpl.java:310) [hibernate-core-5.3.6.Final.jar:?]
	at org.hibernate.boot.internal.SessionFactoryBuilderImpl.build(SessionFactoryBuilderImpl.java:467) [hibernate-core-5.3.6.Final.jar:?]
	at org.hibernate.jpa.boot.internal.EntityManagerFactoryBuilderImpl.build(EntityManagerFactoryBuilderImpl.java:939) [hibernate-core-5.3.6.Final.jar:?]
	at org.hibernate.jpa.HibernatePersistenceProvider.createEntityManagerFactory(HibernatePersistenceProvider.java:56) [hibernate-core-5.3.6.Final.jar:?]
	at javax.persistence.Persistence.createEntityManagerFactory(Persistence.java:79) [javax.persistence-api-2.2.jar:?]
	at javax.persistence.Persistence.createEntityManagerFactory(Persistence.java:54) [javax.persistence-api-2.2.jar:?]
	at fhv.ws22.se.skyward.persistence.DatabaseFacade.<init>(DatabaseFacade.java:34) [classes/:?]
	at fhv.ws22.se.skyward.persistence.DatabaseFacade.getInstance(DatabaseFacade.java:28) [classes/:?]
	at fhv.ws22.se.skyward.persistence.DataGenerator.generateData(DataGenerator.java:12) [classes/:?]
	at fhv.ws22.se.skyward.HelloApplication.main(HelloApplication.java:28) [classes/:?]
	at jdk.internal.reflect.NativeMethodAccessorImpl.invoke0(Native Method) ~[?:?]
	at jdk.internal.reflect.NativeMethodAccessorImpl.invoke(NativeMethodAccessorImpl.java:62) ~[?:?]
	at jdk.internal.reflect.DelegatingMethodAccessorImpl.invoke(DelegatingMethodAccessorImpl.java:43) ~[?:?]
	at java.lang.reflect.Method.invoke(Method.java:566) ~[?:?]
	at com.sun.javafx.application.LauncherImpl.launchApplicationWithArgs(LauncherImpl.java:465) [javafx-graphics-17.0.2-win.jar:?]
	at com.sun.javafx.application.LauncherImpl.launchApplication(LauncherImpl.java:364) [javafx-graphics-17.0.2-win.jar:?]
	at jdk.internal.reflect.NativeMethodAccessorImpl.invoke0(Native Method) ~[?:?]
	at jdk.internal.reflect.NativeMethodAccessorImpl.invoke(NativeMethodAccessorImpl.java:62) ~[?:?]
	at jdk.internal.reflect.DelegatingMethodAccessorImpl.invoke(DelegatingMethodAccessorImpl.java:43) ~[?:?]
	at java.lang.reflect.Method.invoke(Method.java:566) ~[?:?]
	at sun.launcher.LauncherHelper$FXHelper.main(LauncherHelper.java:1071) [?:?]
Caused by: org.h2.jdbc.JdbcSQLSyntaxErrorException: Kann "BOOKING" nicht löschen weil "FK6QRQ1QPQKH33XMU7Q5G0DT80E, FKEPDG3Q528TQ7Y7NM34CAUJIOB" davon abhängt
Cannot drop "BOOKING" because "FK6QRQ1QPQKH33XMU7Q5G0DT80E, FKEPDG3Q528TQ7Y7NM34CAUJIOB" depends on it; SQL statement:

    drop table Booking if  [90107-214]
	at org.h2.message.DbException.getJdbcSQLException(DbException.java:632) ~[h2-2.1.214.jar:2.1.214]
	at org.h2.message.DbException.getJdbcSQLException(DbException.java:477) ~[h2-2.1.214.jar:2.1.214]
	at org.h2.message.DbException.get(DbException.java:223) ~[h2-2.1.214.jar:2.1.214]
	at org.h2.command.ddl.DropTable.prepareDrop(DropTable.java:97) ~[h2-2.1.214.jar:2.1.214]
	at org.h2.command.ddl.DropTable.update(DropTable.java:121) ~[h2-2.1.214.jar:2.1.214]
	at org.h2.command.CommandContainer.update(CommandContainer.java:169) ~[h2-2.1.214.jar:2.1.214]
	at org.h2.command.Command.executeUpdate(Command.java:252) ~[h2-2.1.214.jar:2.1.214]
	at org.h2.jdbc.JdbcStatement.executeInternal(JdbcStatement.java:252) ~[h2-2.1.214.jar:2.1.214]
	at org.h2.jdbc.JdbcStatement.execute(JdbcStatement.java:223) ~[h2-2.1.214.jar:2.1.214]
	at org.hibernate.tool.schema.internal.exec.GenerationTargetToDatabase.accept(GenerationTargetToDatabase.java:54) ~[hibernate-core-5.3.6.Final.jar:?]
	... 29 more
2022-10-28 15:39:26.798 [main] WARN  org.hibernate.tool.schema.internal.ExceptionHandlerLoggedImpl - GenerationTarget encountered exception accepting command : Error executing DDL "
    create table Booking (
       id varchar(255) not null,
        checkInDateTime timestamp,
        checkOutDateTime timestamp,
        primary key (id)
    )" via JDBC Statement
org.hibernate.tool.schema.spi.CommandAcceptanceException: Error executing DDL "
    create table Booking (
       id varchar(255) not null,
        checkInDateTime timestamp,
        checkOutDateTime timestamp,
        primary key (id)
    )" via JDBC Statement
	at org.hibernate.tool.schema.internal.exec.GenerationTargetToDatabase.accept(GenerationTargetToDatabase.java:67) ~[hibernate-core-5.3.6.Final.jar:?]
	at org.hibernate.tool.schema.internal.SchemaCreatorImpl.applySqlString(SchemaCreatorImpl.java:440) [hibernate-core-5.3.6.Final.jar:?]
	at org.hibernate.tool.schema.internal.SchemaCreatorImpl.applySqlStrings(SchemaCreatorImpl.java:424) [hibernate-core-5.3.6.Final.jar:?]
	at org.hibernate.tool.schema.internal.SchemaCreatorImpl.createFromMetadata(SchemaCreatorImpl.java:315) [hibernate-core-5.3.6.Final.jar:?]
	at org.hibernate.tool.schema.internal.SchemaCreatorImpl.performCreation(SchemaCreatorImpl.java:166) [hibernate-core-5.3.6.Final.jar:?]
	at org.hibernate.tool.schema.internal.SchemaCreatorImpl.doCreation(SchemaCreatorImpl.java:135) [hibernate-core-5.3.6.Final.jar:?]
	at org.hibernate.tool.schema.internal.SchemaCreatorImpl.doCreation(SchemaCreatorImpl.java:121) [hibernate-core-5.3.6.Final.jar:?]
	at org.hibernate.tool.schema.spi.SchemaManagementToolCoordinator.performDatabaseAction(SchemaManagementToolCoordinator.java:155) [hibernate-core-5.3.6.Final.jar:?]
	at org.hibernate.tool.schema.spi.SchemaManagementToolCoordinator.process(SchemaManagementToolCoordinator.java:72) [hibernate-core-5.3.6.Final.jar:?]
	at org.hibernate.internal.SessionFactoryImpl.<init>(SessionFactoryImpl.java:310) [hibernate-core-5.3.6.Final.jar:?]
	at org.hibernate.boot.internal.SessionFactoryBuilderImpl.build(SessionFactoryBuilderImpl.java:467) [hibernate-core-5.3.6.Final.jar:?]
	at org.hibernate.jpa.boot.internal.EntityManagerFactoryBuilderImpl.build(EntityManagerFactoryBuilderImpl.java:939) [hibernate-core-5.3.6.Final.jar:?]
	at org.hibernate.jpa.HibernatePersistenceProvider.createEntityManagerFactory(HibernatePersistenceProvider.java:56) [hibernate-core-5.3.6.Final.jar:?]
	at javax.persistence.Persistence.createEntityManagerFactory(Persistence.java:79) [javax.persistence-api-2.2.jar:?]
	at javax.persistence.Persistence.createEntityManagerFactory(Persistence.java:54) [javax.persistence-api-2.2.jar:?]
	at fhv.ws22.se.skyward.persistence.DatabaseFacade.<init>(DatabaseFacade.java:34) [classes/:?]
	at fhv.ws22.se.skyward.persistence.DatabaseFacade.getInstance(DatabaseFacade.java:28) [classes/:?]
	at fhv.ws22.se.skyward.persistence.DataGenerator.generateData(DataGenerator.java:12) [classes/:?]
	at fhv.ws22.se.skyward.HelloApplication.main(HelloApplication.java:28) [classes/:?]
	at jdk.internal.reflect.NativeMethodAccessorImpl.invoke0(Native Method) ~[?:?]
	at jdk.internal.reflect.NativeMethodAccessorImpl.invoke(NativeMethodAccessorImpl.java:62) ~[?:?]
	at jdk.internal.reflect.DelegatingMethodAccessorImpl.invoke(DelegatingMethodAccessorImpl.java:43) ~[?:?]
	at java.lang.reflect.Method.invoke(Method.java:566) ~[?:?]
	at com.sun.javafx.application.LauncherImpl.launchApplicationWithArgs(LauncherImpl.java:465) [javafx-graphics-17.0.2-win.jar:?]
	at com.sun.javafx.application.LauncherImpl.launchApplication(LauncherImpl.java:364) [javafx-graphics-17.0.2-win.jar:?]
	at jdk.internal.reflect.NativeMethodAccessorImpl.invoke0(Native Method) ~[?:?]
	at jdk.internal.reflect.NativeMethodAccessorImpl.invoke(NativeMethodAccessorImpl.java:62) ~[?:?]
	at jdk.internal.reflect.DelegatingMethodAccessorImpl.invoke(DelegatingMethodAccessorImpl.java:43) ~[?:?]
	at java.lang.reflect.Method.invoke(Method.java:566) ~[?:?]
	at sun.launcher.LauncherHelper$FXHelper.main(LauncherHelper.java:1071) [?:?]
Caused by: org.h2.jdbc.JdbcSQLSyntaxErrorException: Tabelle "BOOKING" besteht bereits
Table "BOOKING" already exists; SQL statement:

    create table Booking (
       id varchar(255) not null,
        checkInDateTime timestamp,
        checkOutDateTime timestamp,
        primary key (id) [42101-214]
	at org.h2.message.DbException.getJdbcSQLException(DbException.java:502) ~[h2-2.1.214.jar:2.1.214]
	at org.h2.message.DbException.getJdbcSQLException(DbException.java:477) ~[h2-2.1.214.jar:2.1.214]
	at org.h2.message.DbException.get(DbException.java:223) ~[h2-2.1.214.jar:2.1.214]
	at org.h2.message.DbException.get(DbException.java:199) ~[h2-2.1.214.jar:2.1.214]
	at org.h2.command.ddl.CreateTable.update(CreateTable.java:91) ~[h2-2.1.214.jar:2.1.214]
	at org.h2.command.CommandContainer.update(CommandContainer.java:169) ~[h2-2.1.214.jar:2.1.214]
	at org.h2.command.Command.executeUpdate(Command.java:252) ~[h2-2.1.214.jar:2.1.214]
	at org.h2.jdbc.JdbcStatement.executeInternal(JdbcStatement.java:252) ~[h2-2.1.214.jar:2.1.214]
	at org.h2.jdbc.JdbcStatement.execute(JdbcStatement.java:223) ~[h2-2.1.214.jar:2.1.214]
	at org.hibernate.tool.schema.internal.exec.GenerationTargetToDatabase.accept(GenerationTargetToDatabase.java:54) ~[hibernate-core-5.3.6.Final.jar:?]
	... 29 more
2022-10-28 15:39:41.323 [main] WARN  org.hibernate.orm.connections.pooling - HHH10001002: Using Hibernate built-in connection pool (not for production use!)
2022-10-28 15:40:52.836 [main] WARN  org.hibernate.orm.connections.pooling - HHH10001002: Using Hibernate built-in connection pool (not for production use!)
2022-10-28 15:40:53.130 [main] WARN  org.hibernate.tool.schema.internal.ExceptionHandlerLoggedImpl - GenerationTarget encountered exception accepting command : Error executing DDL "
    drop table Booking if exists" via JDBC Statement
org.hibernate.tool.schema.spi.CommandAcceptanceException: Error executing DDL "
    drop table Booking if exists" via JDBC Statement
	at org.hibernate.tool.schema.internal.exec.GenerationTargetToDatabase.accept(GenerationTargetToDatabase.java:67) ~[hibernate-core-5.3.6.Final.jar:?]
	at org.hibernate.tool.schema.internal.SchemaDropperImpl.applySqlString(SchemaDropperImpl.java:375) [hibernate-core-5.3.6.Final.jar:?]
	at org.hibernate.tool.schema.internal.SchemaDropperImpl.applySqlStrings(SchemaDropperImpl.java:359) [hibernate-core-5.3.6.Final.jar:?]
	at org.hibernate.tool.schema.internal.SchemaDropperImpl.dropFromMetadata(SchemaDropperImpl.java:241) [hibernate-core-5.3.6.Final.jar:?]
	at org.hibernate.tool.schema.internal.SchemaDropperImpl.performDrop(SchemaDropperImpl.java:154) [hibernate-core-5.3.6.Final.jar:?]
	at org.hibernate.tool.schema.internal.SchemaDropperImpl.doDrop(SchemaDropperImpl.java:126) [hibernate-core-5.3.6.Final.jar:?]
	at org.hibernate.tool.schema.internal.SchemaDropperImpl.doDrop(SchemaDropperImpl.java:112) [hibernate-core-5.3.6.Final.jar:?]
	at org.hibernate.tool.schema.spi.SchemaManagementToolCoordinator.performDatabaseAction(SchemaManagementToolCoordinator.java:144) [hibernate-core-5.3.6.Final.jar:?]
	at org.hibernate.tool.schema.spi.SchemaManagementToolCoordinator.process(SchemaManagementToolCoordinator.java:72) [hibernate-core-5.3.6.Final.jar:?]
	at org.hibernate.internal.SessionFactoryImpl.<init>(SessionFactoryImpl.java:310) [hibernate-core-5.3.6.Final.jar:?]
	at org.hibernate.boot.internal.SessionFactoryBuilderImpl.build(SessionFactoryBuilderImpl.java:467) [hibernate-core-5.3.6.Final.jar:?]
	at org.hibernate.jpa.boot.internal.EntityManagerFactoryBuilderImpl.build(EntityManagerFactoryBuilderImpl.java:939) [hibernate-core-5.3.6.Final.jar:?]
	at org.hibernate.jpa.HibernatePersistenceProvider.createEntityManagerFactory(HibernatePersistenceProvider.java:56) [hibernate-core-5.3.6.Final.jar:?]
	at javax.persistence.Persistence.createEntityManagerFactory(Persistence.java:79) [javax.persistence-api-2.2.jar:?]
	at javax.persistence.Persistence.createEntityManagerFactory(Persistence.java:54) [javax.persistence-api-2.2.jar:?]
	at fhv.ws22.se.skyward.persistence.DatabaseFacade.<init>(DatabaseFacade.java:32) [classes/:?]
	at fhv.ws22.se.skyward.persistence.DatabaseFacade.getInstance(DatabaseFacade.java:26) [classes/:?]
	at fhv.ws22.se.skyward.persistence.DataGenerator.generateData(DataGenerator.java:12) [classes/:?]
	at fhv.ws22.se.skyward.HelloApplication.main(HelloApplication.java:28) [classes/:?]
	at jdk.internal.reflect.NativeMethodAccessorImpl.invoke0(Native Method) ~[?:?]
	at jdk.internal.reflect.NativeMethodAccessorImpl.invoke(NativeMethodAccessorImpl.java:62) ~[?:?]
	at jdk.internal.reflect.DelegatingMethodAccessorImpl.invoke(DelegatingMethodAccessorImpl.java:43) ~[?:?]
	at java.lang.reflect.Method.invoke(Method.java:566) ~[?:?]
	at com.sun.javafx.application.LauncherImpl.launchApplicationWithArgs(LauncherImpl.java:465) [javafx-graphics-17.0.2-win.jar:?]
	at com.sun.javafx.application.LauncherImpl.launchApplication(LauncherImpl.java:364) [javafx-graphics-17.0.2-win.jar:?]
	at jdk.internal.reflect.NativeMethodAccessorImpl.invoke0(Native Method) ~[?:?]
	at jdk.internal.reflect.NativeMethodAccessorImpl.invoke(NativeMethodAccessorImpl.java:62) ~[?:?]
	at jdk.internal.reflect.DelegatingMethodAccessorImpl.invoke(DelegatingMethodAccessorImpl.java:43) ~[?:?]
	at java.lang.reflect.Method.invoke(Method.java:566) ~[?:?]
	at sun.launcher.LauncherHelper$FXHelper.main(LauncherHelper.java:1071) [?:?]
Caused by: org.h2.jdbc.JdbcSQLSyntaxErrorException: Kann "BOOKING" nicht löschen weil "FK6QRQ1QPQKH33XMU7Q5G0DT80E, FKEPDG3Q528TQ7Y7NM34CAUJIOB" davon abhängt
Cannot drop "BOOKING" because "FK6QRQ1QPQKH33XMU7Q5G0DT80E, FKEPDG3Q528TQ7Y7NM34CAUJIOB" depends on it; SQL statement:

    drop table Booking if  [90107-214]
	at org.h2.message.DbException.getJdbcSQLException(DbException.java:632) ~[h2-2.1.214.jar:2.1.214]
	at org.h2.message.DbException.getJdbcSQLException(DbException.java:477) ~[h2-2.1.214.jar:2.1.214]
	at org.h2.message.DbException.get(DbException.java:223) ~[h2-2.1.214.jar:2.1.214]
	at org.h2.command.ddl.DropTable.prepareDrop(DropTable.java:97) ~[h2-2.1.214.jar:2.1.214]
	at org.h2.command.ddl.DropTable.update(DropTable.java:121) ~[h2-2.1.214.jar:2.1.214]
	at org.h2.command.CommandContainer.update(CommandContainer.java:169) ~[h2-2.1.214.jar:2.1.214]
	at org.h2.command.Command.executeUpdate(Command.java:252) ~[h2-2.1.214.jar:2.1.214]
	at org.h2.jdbc.JdbcStatement.executeInternal(JdbcStatement.java:252) ~[h2-2.1.214.jar:2.1.214]
	at org.h2.jdbc.JdbcStatement.execute(JdbcStatement.java:223) ~[h2-2.1.214.jar:2.1.214]
	at org.hibernate.tool.schema.internal.exec.GenerationTargetToDatabase.accept(GenerationTargetToDatabase.java:54) ~[hibernate-core-5.3.6.Final.jar:?]
	... 29 more
2022-10-28 15:40:53.148 [main] WARN  org.hibernate.tool.schema.internal.ExceptionHandlerLoggedImpl - GenerationTarget encountered exception accepting command : Error executing DDL "
    create table Booking (
       id varchar(255) not null,
        checkInDateTime timestamp,
        checkOutDateTime timestamp,
        primary key (id)
    )" via JDBC Statement
org.hibernate.tool.schema.spi.CommandAcceptanceException: Error executing DDL "
    create table Booking (
       id varchar(255) not null,
        checkInDateTime timestamp,
        checkOutDateTime timestamp,
        primary key (id)
    )" via JDBC Statement
	at org.hibernate.tool.schema.internal.exec.GenerationTargetToDatabase.accept(GenerationTargetToDatabase.java:67) ~[hibernate-core-5.3.6.Final.jar:?]
	at org.hibernate.tool.schema.internal.SchemaCreatorImpl.applySqlString(SchemaCreatorImpl.java:440) [hibernate-core-5.3.6.Final.jar:?]
	at org.hibernate.tool.schema.internal.SchemaCreatorImpl.applySqlStrings(SchemaCreatorImpl.java:424) [hibernate-core-5.3.6.Final.jar:?]
	at org.hibernate.tool.schema.internal.SchemaCreatorImpl.createFromMetadata(SchemaCreatorImpl.java:315) [hibernate-core-5.3.6.Final.jar:?]
	at org.hibernate.tool.schema.internal.SchemaCreatorImpl.performCreation(SchemaCreatorImpl.java:166) [hibernate-core-5.3.6.Final.jar:?]
	at org.hibernate.tool.schema.internal.SchemaCreatorImpl.doCreation(SchemaCreatorImpl.java:135) [hibernate-core-5.3.6.Final.jar:?]
	at org.hibernate.tool.schema.internal.SchemaCreatorImpl.doCreation(SchemaCreatorImpl.java:121) [hibernate-core-5.3.6.Final.jar:?]
	at org.hibernate.tool.schema.spi.SchemaManagementToolCoordinator.performDatabaseAction(SchemaManagementToolCoordinator.java:155) [hibernate-core-5.3.6.Final.jar:?]
	at org.hibernate.tool.schema.spi.SchemaManagementToolCoordinator.process(SchemaManagementToolCoordinator.java:72) [hibernate-core-5.3.6.Final.jar:?]
	at org.hibernate.internal.SessionFactoryImpl.<init>(SessionFactoryImpl.java:310) [hibernate-core-5.3.6.Final.jar:?]
	at org.hibernate.boot.internal.SessionFactoryBuilderImpl.build(SessionFactoryBuilderImpl.java:467) [hibernate-core-5.3.6.Final.jar:?]
	at org.hibernate.jpa.boot.internal.EntityManagerFactoryBuilderImpl.build(EntityManagerFactoryBuilderImpl.java:939) [hibernate-core-5.3.6.Final.jar:?]
	at org.hibernate.jpa.HibernatePersistenceProvider.createEntityManagerFactory(HibernatePersistenceProvider.java:56) [hibernate-core-5.3.6.Final.jar:?]
	at javax.persistence.Persistence.createEntityManagerFactory(Persistence.java:79) [javax.persistence-api-2.2.jar:?]
	at javax.persistence.Persistence.createEntityManagerFactory(Persistence.java:54) [javax.persistence-api-2.2.jar:?]
	at fhv.ws22.se.skyward.persistence.DatabaseFacade.<init>(DatabaseFacade.java:32) [classes/:?]
	at fhv.ws22.se.skyward.persistence.DatabaseFacade.getInstance(DatabaseFacade.java:26) [classes/:?]
	at fhv.ws22.se.skyward.persistence.DataGenerator.generateData(DataGenerator.java:12) [classes/:?]
	at fhv.ws22.se.skyward.HelloApplication.main(HelloApplication.java:28) [classes/:?]
	at jdk.internal.reflect.NativeMethodAccessorImpl.invoke0(Native Method) ~[?:?]
	at jdk.internal.reflect.NativeMethodAccessorImpl.invoke(NativeMethodAccessorImpl.java:62) ~[?:?]
	at jdk.internal.reflect.DelegatingMethodAccessorImpl.invoke(DelegatingMethodAccessorImpl.java:43) ~[?:?]
	at java.lang.reflect.Method.invoke(Method.java:566) ~[?:?]
	at com.sun.javafx.application.LauncherImpl.launchApplicationWithArgs(LauncherImpl.java:465) [javafx-graphics-17.0.2-win.jar:?]
	at com.sun.javafx.application.LauncherImpl.launchApplication(LauncherImpl.java:364) [javafx-graphics-17.0.2-win.jar:?]
	at jdk.internal.reflect.NativeMethodAccessorImpl.invoke0(Native Method) ~[?:?]
	at jdk.internal.reflect.NativeMethodAccessorImpl.invoke(NativeMethodAccessorImpl.java:62) ~[?:?]
	at jdk.internal.reflect.DelegatingMethodAccessorImpl.invoke(DelegatingMethodAccessorImpl.java:43) ~[?:?]
	at java.lang.reflect.Method.invoke(Method.java:566) ~[?:?]
	at sun.launcher.LauncherHelper$FXHelper.main(LauncherHelper.java:1071) [?:?]
Caused by: org.h2.jdbc.JdbcSQLSyntaxErrorException: Tabelle "BOOKING" besteht bereits
Table "BOOKING" already exists; SQL statement:

    create table Booking (
       id varchar(255) not null,
        checkInDateTime timestamp,
        checkOutDateTime timestamp,
        primary key (id) [42101-214]
	at org.h2.message.DbException.getJdbcSQLException(DbException.java:502) ~[h2-2.1.214.jar:2.1.214]
	at org.h2.message.DbException.getJdbcSQLException(DbException.java:477) ~[h2-2.1.214.jar:2.1.214]
	at org.h2.message.DbException.get(DbException.java:223) ~[h2-2.1.214.jar:2.1.214]
	at org.h2.message.DbException.get(DbException.java:199) ~[h2-2.1.214.jar:2.1.214]
	at org.h2.command.ddl.CreateTable.update(CreateTable.java:91) ~[h2-2.1.214.jar:2.1.214]
	at org.h2.command.CommandContainer.update(CommandContainer.java:169) ~[h2-2.1.214.jar:2.1.214]
	at org.h2.command.Command.executeUpdate(Command.java:252) ~[h2-2.1.214.jar:2.1.214]
	at org.h2.jdbc.JdbcStatement.executeInternal(JdbcStatement.java:252) ~[h2-2.1.214.jar:2.1.214]
	at org.h2.jdbc.JdbcStatement.execute(JdbcStatement.java:223) ~[h2-2.1.214.jar:2.1.214]
	at org.hibernate.tool.schema.internal.exec.GenerationTargetToDatabase.accept(GenerationTargetToDatabase.java:54) ~[hibernate-core-5.3.6.Final.jar:?]
	... 29 more
2022-10-28 15:42:01.522 [main] WARN  org.hibernate.orm.connections.pooling - HHH10001002: Using Hibernate built-in connection pool (not for production use!)
